Copyright 1986-2022 Xilinx, Inc. All Rights Reserved. Copyright 2022-2023 Advanced Micro Devices, Inc. All Rights Reserved.
---------------------------------------------------------------------------------------------------------------------------------------------
| Tool Version : Vivado v.2023.1 (win64) Build 3865809 Sun May  7 15:05:29 MDT 2023
| Date         : Thu May  8 19:44:52 2025
| Host         : DESKTOP-IDDMGFU running 64-bit major release  (build 9200)
| Command      : report_utilization -file example_top_utilization_placed.rpt -pb example_top_utilization_placed.pb
| Design       : example_top
| Device       : xcku5p-ffvb676-2-i
| Speed File   : -2
| Design State : Fully Placed
---------------------------------------------------------------------------------------------------------------------------------------------

Utilization Design Information

Table of Contents
-----------------
1. CLB Logic
1.1 Summary of Registers by Type
2. CLB Logic Distribution
3. BLOCKRAM
4. ARITHMETIC
5. I/O
6. CLOCK
7. ADVANCED
8. CONFIGURATION
9. Primitives
10. Black Boxes
11. Instantiated Netlists

1. CLB Logic
------------

+----------------------------+-------+-------+------------+-----------+-------+
|          Site Type         |  Used | Fixed | Prohibited | Available | Util% |
+----------------------------+-------+-------+------------+-----------+-------+
| CLB LUTs                   |  9564 |     0 |          0 |    216960 |  4.41 |
|   LUT as Logic             |  9041 |     0 |          0 |    216960 |  4.17 |
|   LUT as Memory            |   523 |     0 |          0 |     99840 |  0.52 |
|     LUT as Distributed RAM |   472 |     0 |            |           |       |
|     LUT as Shift Register  |    51 |     0 |            |           |       |
| CLB Registers              | 12281 |     0 |          0 |    433920 |  2.83 |
|   Register as Flip Flop    | 12280 |     0 |          0 |    433920 |  2.83 |
|   Register as Latch        |     0 |     0 |          0 |    433920 |  0.00 |
|   Register as AND/OR       |     1 |     0 |          0 |    433920 | <0.01 |
| CARRY8                     |    55 |     0 |          0 |     27120 |  0.20 |
| F7 Muxes                   |   141 |     0 |          0 |    108480 |  0.13 |
| F8 Muxes                   |     0 |     0 |          0 |     54240 |  0.00 |
| F9 Muxes                   |     0 |     0 |          0 |     27120 |  0.00 |
+----------------------------+-------+-------+------------+-----------+-------+
* Warning! LUT value is adjusted to account for LUT combining.


1.1 Summary of Registers by Type
--------------------------------

+-------+--------------+-------------+--------------+
| Total | Clock Enable | Synchronous | Asynchronous |
+-------+--------------+-------------+--------------+
| 1     |            _ |           - |            - |
| 0     |            _ |           - |          Set |
| 0     |            _ |           - |        Reset |
| 0     |            _ |         Set |            - |
| 0     |            _ |       Reset |            - |
| 0     |          Yes |           - |            - |
| 43    |          Yes |           - |          Set |
| 184   |          Yes |           - |        Reset |
| 351   |          Yes |         Set |            - |
| 11702 |          Yes |       Reset |            - |
+-------+--------------+-------------+--------------+


2. CLB Logic Distribution
-------------------------

+--------------------------------------------+-------+-------+------------+-----------+-------+
|                  Site Type                 |  Used | Fixed | Prohibited | Available | Util% |
+--------------------------------------------+-------+-------+------------+-----------+-------+
| CLB                                        |  2097 |     0 |          0 |     27120 |  7.73 |
|   CLBL                                     |  1199 |     0 |            |           |       |
|   CLBM                                     |   898 |     0 |            |           |       |
| LUT as Logic                               |  9041 |     0 |          0 |    216960 |  4.17 |
|   using O5 output only                     |   216 |       |            |           |       |
|   using O6 output only                     |  6254 |       |            |           |       |
|   using O5 and O6                          |  2571 |       |            |           |       |
| LUT as Memory                              |   523 |     0 |          0 |     99840 |  0.52 |
|   LUT as Distributed RAM                   |   472 |     0 |            |           |       |
|     using O5 output only                   |     0 |       |            |           |       |
|     using O6 output only                   |     0 |       |            |           |       |
|     using O5 and O6                        |   472 |       |            |           |       |
|   LUT as Shift Register                    |    51 |     0 |            |           |       |
|     using O5 output only                   |     0 |       |            |           |       |
|     using O6 output only                   |    16 |       |            |           |       |
|     using O5 and O6                        |    35 |       |            |           |       |
| CLB Registers                              | 12281 |     0 |          0 |    433920 |  2.83 |
|   Register driven from within the CLB      |  6827 |       |            |           |       |
|   Register driven from outside the CLB     |  5454 |       |            |           |       |
|     LUT in front of the register is unused |  3829 |       |            |           |       |
|     LUT in front of the register is used   |  1625 |       |            |           |       |
| Unique Control Sets                        |   491 |       |          0 |     54240 |  0.91 |
+--------------------------------------------+-------+-------+------------+-----------+-------+
* * Note: Available Control Sets calculated as Slices * 2, Review the Control Sets Report for more information regarding control sets.


3. BLOCKRAM
-----------

+-------------------+------+-------+------------+-----------+-------+
|     Site Type     | Used | Fixed | Prohibited | Available | Util% |
+-------------------+------+-------+------------+-----------+-------+
| Block RAM Tile    | 25.5 |     0 |          0 |       480 |  5.31 |
|   RAMB36/FIFO*    |   25 |     0 |          0 |       480 |  5.21 |
|     RAMB36E2 only |   25 |       |            |           |       |
|   RAMB18          |    1 |     0 |          0 |       960 |  0.10 |
|     RAMB18E2 only |    1 |       |            |           |       |
| URAM              |    0 |     0 |          0 |        64 |  0.00 |
+-------------------+------+-------+------------+-----------+-------+
* Note: Each Block RAM Tile only has one FIFO logic available and therefore can accommodate only one FIFO36E2 or one FIFO18E2. However, if a FIFO18E2 occupies a Block RAM Tile, that tile can still accommodate a RAMB18E2


4. ARITHMETIC
-------------

+----------------+------+-------+------------+-----------+-------+
|    Site Type   | Used | Fixed | Prohibited | Available | Util% |
+----------------+------+-------+------------+-----------+-------+
| DSPs           |    3 |     0 |          0 |      1824 |  0.16 |
|   DSP48E2 only |    3 |       |            |           |       |
+----------------+------+-------+------------+-----------+-------+


5. I/O
------

+------------------+------+-------+------------+-----------+-------+
|     Site Type    | Used | Fixed | Prohibited | Available | Util% |
+------------------+------+-------+------------+-----------+-------+
| Bonded IOB       |   76 |    76 |          0 |       280 | 27.14 |
| HPIOB_M          |   38 |    38 |          0 |        96 | 39.58 |
|   INPUT          |    1 |       |            |           |       |
|   OUTPUT         |   13 |       |            |           |       |
|   BIDIR          |   24 |       |            |           |       |
| HPIOB_S          |   35 |    35 |          0 |        96 | 36.46 |
|   INPUT          |    1 |       |            |           |       |
|   OUTPUT         |   14 |       |            |           |       |
|   BIDIR          |   20 |       |            |           |       |
| HDIOB_M          |    1 |     1 |          0 |        36 |  2.78 |
|   INPUT          |    0 |       |            |           |       |
|   OUTPUT         |    1 |       |            |           |       |
|   BIDIR          |    0 |       |            |           |       |
| HDIOB_S          |    2 |     2 |          0 |        36 |  5.56 |
|   INPUT          |    1 |       |            |           |       |
|   OUTPUT         |    1 |       |            |           |       |
|   BIDIR          |    0 |       |            |           |       |
| HPIOB_SNGL       |    0 |     0 |          0 |        16 |  0.00 |
| HPIOBDIFFINBUF   |    5 |     5 |          0 |        96 |  5.21 |
|   DIFFINBUF      |    5 |     5 |            |           |       |
| HPIOBDIFFOUTBUF  |    0 |     0 |          0 |        96 |  0.00 |
| HDIOBDIFFINBUF   |    0 |     0 |          0 |        48 |  0.00 |
| BITSLICE_CONTROL |   14 |     0 |          0 |        32 | 43.75 |
| BITSLICE_RX_TX   |   65 |    65 |          0 |      1248 |  5.21 |
|   RXTX_BITSLICE  |   65 |    65 |            |           |       |
| BITSLICE_TX      |   14 |     0 |          0 |        32 | 43.75 |
| RIU_OR           |    7 |     0 |          0 |        16 | 43.75 |
+------------------+------+-------+------------+-----------+-------+


6. CLOCK
--------

+----------------------+------+-------+------------+-----------+-------+
|       Site Type      | Used | Fixed | Prohibited | Available | Util% |
+----------------------+------+-------+------------+-----------+-------+
| GLOBAL CLOCK BUFFERs |    5 |     0 |          0 |       256 |  1.95 |
|   BUFGCE             |    5 |     0 |          0 |       112 |  4.46 |
|   BUFGCE_DIV         |    0 |     0 |          0 |        16 |  0.00 |
|   BUFG_GT            |    0 |     0 |          0 |        96 |  0.00 |
|   BUFGCTRL*          |    0 |     0 |          0 |        32 |  0.00 |
| PLL                  |    2 |     0 |          0 |         8 | 25.00 |
| MMCM                 |    1 |     1 |          0 |         4 | 25.00 |
+----------------------+------+-------+------------+-----------+-------+
* Note: Each used BUFGCTRL counts as two GLOBAL CLOCK BUFFERs. This table does not include global clocking resources, only buffer cell usage. See the Clock Utilization Report (report_clock_utilization) for detailed accounting of global clocking resource availability.


7. ADVANCED
-----------

+-----------------+------+-------+------------+-----------+-------+
|    Site Type    | Used | Fixed | Prohibited | Available | Util% |
+-----------------+------+-------+------------+-----------+-------+
| CMACE4          |    0 |     0 |          0 |         1 |  0.00 |
| GTYE4_CHANNEL   |    0 |     0 |          0 |        16 |  0.00 |
| GTYE4_COMMON    |    0 |     0 |          0 |         4 |  0.00 |
| OBUFDS_GTE4     |    0 |     0 |          0 |         8 |  0.00 |
| OBUFDS_GTE4_ADV |    0 |     0 |          0 |         8 |  0.00 |
| PCIE40E4        |    0 |     0 |          0 |         1 |  0.00 |
| SYSMONE4        |    0 |     0 |          0 |         1 |  0.00 |
+-----------------+------+-------+------------+-----------+-------+


8. CONFIGURATION
----------------

+-------------+------+-------+------------+-----------+-------+
|  Site Type  | Used | Fixed | Prohibited | Available | Util% |
+-------------+------+-------+------------+-----------+-------+
| BSCANE2     |    1 |     0 |          0 |         4 | 25.00 |
| DNA_PORTE2  |    0 |     0 |          0 |         1 |  0.00 |
| EFUSE_USR   |    0 |     0 |          0 |         1 |  0.00 |
| FRAME_ECCE4 |    0 |     0 |          0 |         1 |  0.00 |
| ICAPE3      |    0 |     0 |          0 |         2 |  0.00 |
| MASTER_JTAG |    0 |     0 |          0 |         1 |  0.00 |
| STARTUPE3   |    0 |     0 |          0 |         1 |  0.00 |
+-------------+------+-------+------------+-----------+-------+


9. Primitives
-------------

+------------------+-------+---------------------+
|     Ref Name     |  Used | Functional Category |
+------------------+-------+---------------------+
| FDRE             | 11702 |            Register |
| LUT6             |  3838 |                 CLB |
| LUT3             |  2474 |                 CLB |
| LUT4             |  2281 |                 CLB |
| LUT5             |  1645 |                 CLB |
| LUT2             |  1169 |                 CLB |
| RAMD32           |   714 |                 CLB |
| FDSE             |   351 |            Register |
| RAMS32           |   230 |                 CLB |
| LUT1             |   205 |                 CLB |
| FDCE             |   184 |            Register |
| MUXF7            |   141 |                 CLB |
| SRL16E           |    85 |                 CLB |
| RXTX_BITSLICE    |    65 |                 I/O |
| CARRY8           |    55 |                 CLB |
| FDPE             |    43 |            Register |
| IBUFCTRL         |    42 |              Others |
| INBUF            |    37 |                 I/O |
| OBUFT_DCIEN      |    36 |                 I/O |
| OBUF             |    29 |                 I/O |
| RAMB36E2         |    25 |            BLOCKRAM |
| TX_BITSLICE_TRI  |    14 |                 I/O |
| BITSLICE_CONTROL |    14 |                 I/O |
| OBUFT            |     8 |                 I/O |
| RIU_OR           |     7 |                 I/O |
| INV              |     5 |                 CLB |
| DIFFINBUF        |     5 |                 I/O |
| BUFGCE           |     5 |               Clock |
| HPIO_VREF        |     4 |                 I/O |
| DSP48E2          |     3 |          Arithmetic |
| PLLE4_ADV        |     2 |               Clock |
| SRLC32E          |     1 |                 CLB |
| RAMB18E2         |     1 |            BLOCKRAM |
| MMCME4_ADV       |     1 |               Clock |
| BSCANE2          |     1 |       Configuration |
| AND2B1L          |     1 |              Others |
+------------------+-------+---------------------+


10. Black Boxes
---------------

+----------+------+
| Ref Name | Used |
+----------+------+


11. Instantiated Netlists
-------------------------

+------------+------+
|  Ref Name  | Used |
+------------+------+
| ddr4_0_phy |    1 |
| ddr4_0     |    1 |
| dbg_hub    |    1 |
+------------+------+


