Copyright 1986-2022 Xilinx, Inc. All Rights Reserved. Copyright 2022-2023 Advanced Micro Devices, Inc. All Rights Reserved.
-------------------------------------------------------------------------------------------------------------------------------------------------------
| Tool Version     : Vivado v.2023.1 (win64) Build 3865809 Sun May  7 15:05:29 MDT 2023
| Date             : Thu May  8 19:46:21 2025
| Host             : DESKTOP-IDDMGFU running 64-bit major release  (build 9200)
| Command          : report_power -file example_top_power_routed.rpt -pb example_top_power_summary_routed.pb -rpx example_top_power_routed.rpx
| Design           : example_top
| Device           : xcku5p-ffvb676-2-i
| Design State     : routed
| Grade            : industrial
| Process          : typical
| Characterization : Production
-------------------------------------------------------------------------------------------------------------------------------------------------------

Power Report

Table of Contents
-----------------
1. Summary
1.1 On-Chip Components
1.2 Power Supply Summary
1.3 Confidence Level
2. Settings
2.1 Environment
2.2 Clock Constraints
3. Detailed Reports
3.1 By Hierarchy

1. Summary
----------

+--------------------------+--------------+
| Total On-Chip Power (W)  | 1.341        |
| Design Power Budget (W)  | Unspecified* |
| Power Budget Margin (W)  | NA           |
| Dynamic (W)              | 0.861        |
| Device Static (W)        | 0.480        |
| Effective TJA (C/W)      | 1.7          |
| Max Ambient (C)          | 97.7         |
| Junction Temperature (C) | 27.3         |
| Confidence Level         | Low          |
| Setting File             | ---          |
| Simulation Activity File | ---          |
| Design Nets Matched      | NA           |
+--------------------------+--------------+
* Specify Design Power Budget using, set_operating_conditions -design_power_budget <value in Watts>


1.1 On-Chip Components
----------------------

+--------------------------+-----------+----------+-----------+-----------------+
| On-Chip                  | Power (W) | Used     | Available | Utilization (%) |
+--------------------------+-----------+----------+-----------+-----------------+
| Clocks                   |     0.128 |       11 |       --- |             --- |
| CLB Logic                |     0.038 |    25957 |       --- |             --- |
|   LUT as Distributed RAM |     0.021 |      472 |     99840 |            0.47 |
|   LUT as Logic           |     0.015 |     9041 |    216960 |            4.17 |
|   Register               |     0.002 |    12280 |    433920 |            2.83 |
|   CARRY8                 |    <0.001 |       55 |     27120 |            0.20 |
|   LUT as Shift Register  |    <0.001 |       51 |     99840 |            0.05 |
|   Others                 |    <0.001 |      839 |       --- |             --- |
|   F7/F8 Muxes            |     0.000 |      141 |    216960 |            0.06 |
| Signals                  |     0.028 |    30946 |       --- |             --- |
| Block RAM                |     0.023 |     25.5 |       480 |            5.31 |
| MMCM                     |     0.089 |        0 |       --- |             --- |
| PLL                      |     0.124 |        2 |       --- |             --- |
| DSPs                     |     0.001 |        3 |      1824 |            0.16 |
| I/O                      |     0.430 |       76 |       280 |           27.14 |
| Static Power             |     0.480 |          |           |                 |
| Total                    |     1.341 |          |           |                 |
+--------------------------+-----------+----------+-----------+-----------------+


1.2 Power Supply Summary
------------------------

+------------+-------------+-----------+-------------+------------+-------------+-------------+------------+
| Source     | Voltage (V) | Total (A) | Dynamic (A) | Static (A) | Powerup (A) | Budget (A)  | Margin (A) |
+------------+-------------+-----------+-------------+------------+-------------+-------------+------------+
| Vccint     |       0.850 |     0.409 |       0.263 |      0.146 |       NA    | Unspecified | NA         |
| Vccint_io  |       0.850 |     0.281 |       0.246 |      0.036 |       NA    | Unspecified | NA         |
| Vccbram    |       0.850 |     0.003 |       0.001 |      0.002 |       NA    | Unspecified | NA         |
| Vccaux     |       1.800 |     0.243 |       0.115 |      0.128 |       NA    | Unspecified | NA         |
| Vccaux_io  |       1.800 |     0.117 |       0.086 |      0.031 |       NA    | Unspecified | NA         |
| Vcco33     |       3.300 |     0.007 |       0.000 |      0.007 |       NA    | Unspecified | NA         |
| Vcco25     |       2.500 |     0.000 |       0.000 |      0.000 |       NA    | Unspecified | NA         |
| Vcco18     |       1.800 |     0.000 |       0.000 |      0.000 |       NA    | Unspecified | NA         |
| Vcco15     |       1.500 |     0.000 |       0.000 |      0.000 |       NA    | Unspecified | NA         |
| Vcco135    |       1.350 |     0.000 |       0.000 |      0.000 |       NA    | Unspecified | NA         |
| Vcco12     |       1.200 |     0.055 |       0.055 |      0.000 |       NA    | Unspecified | NA         |
| Vcco10     |       1.000 |     0.000 |       0.000 |      0.000 |       NA    | Unspecified | NA         |
| Vccadc     |       1.800 |     0.008 |       0.000 |      0.008 |       NA    | Unspecified | NA         |
| MGTYAVcc   |       0.900 |     0.000 |       0.000 |      0.000 |       NA    | Unspecified | NA         |
| MGTYAVtt   |       1.200 |     0.000 |       0.000 |      0.000 |       NA    | Unspecified | NA         |
| MGTYVccaux |       1.800 |     0.000 |       0.000 |      0.000 |       NA    | Unspecified | NA         |
+------------+-------------+-----------+-------------+------------+-------------+-------------+------------+


1.3 Confidence Level
--------------------

+-----------------------------+------------+--------------------------------------------------------+------------------------------------------------------------------------------------------------------------+
| User Input Data             | Confidence | Details                                                | Action                                                                                                     |
+-----------------------------+------------+--------------------------------------------------------+------------------------------------------------------------------------------------------------------------+
| Design implementation state | High       | Design is routed                                       |                                                                                                            |
| Clock nodes activity        | High       | User specified more than 95% of clocks                 |                                                                                                            |
| I/O nodes activity          | Low        | More than 75% of inputs are missing user specification | Provide missing input activity with simulation results or by editing the "By Resource Type -> I/Os" view   |
| Internal nodes activity     | Medium     | User specified less than 25% of internal nodes         | Provide missing internal nodes activity with simulation results or by editing the "By Resource Type" views |
| Device models               | High       | Device models are Production                           |                                                                                                            |
|                             |            |                                                        |                                                                                                            |
| Overall confidence level    | Low        |                                                        |                                                                                                            |
+-----------------------------+------------+--------------------------------------------------------+------------------------------------------------------------------------------------------------------------+


2. Settings
-----------

2.1 Environment
---------------

+-----------------------+--------------------------+
| Ambient Temp (C)      | 25.0                     |
| ThetaJA (C/W)         | 1.7                      |
| Airflow (LFM)         | 250                      |
| Heat Sink             | medium (Medium Profile)  |
| ThetaSA (C/W)         | 2.8                      |
| Board Selection       | medium (10"x10")         |
| # of Board Layers     | 12to15 (12 to 15 Layers) |
| Board Temperature (C) | 25.0                     |
+-----------------------+--------------------------+


2.2 Clock Constraints
---------------------

+-----------------------------------------------------------------------------------------------------+----------------------------------------------------------------------------------------------------------------------------------------------------------------------------------------------------+-----------------+
| Clock                                                                                               | Domain                                                                                                                                                                                             | Constraint (ns) |
+-----------------------------------------------------------------------------------------------------+----------------------------------------------------------------------------------------------------------------------------------------------------------------------------------------------------+-----------------+
| c0_sys_clk_p                                                                                        | c0_sys_clk_p                                                                                                                                                                                       |             5.0 |
| dbg_hub/inst/BSCANID.u_xsdbm_id/SWITCH_N_EXT_BSCAN.bscan_inst/SERIES7_BSCAN.bscan_inst/INTERNAL_TCK | dbg_hub/inst/BSCANID.u_xsdbm_id/SWITCH_N_EXT_BSCAN.bscan_inst/DRCK                                                                                                                                 |            50.0 |
| mmcm_clkout0                                                                                        | u_ddr4_0/inst/u_ddr4_infrastructure/mmcm_clkout0                                                                                                                                                   |             3.0 |
| mmcm_clkout5                                                                                        | u_ddr4_0/inst/u_ddr4_infrastructure/mmcm_clkout5                                                                                                                                                   |            12.0 |
| mmcm_clkout6                                                                                        | u_ddr4_0/inst/u_ddr4_infrastructure/mmcm_clkout6                                                                                                                                                   |             6.0 |
| pll_clk[0]                                                                                          | u_ddr4_0/inst/u_ddr4_mem_intfc/u_mig_ddr4_phy/inst/u_ddr4_phy_pll/pll_clk[0]                                                                                                                       |             0.4 |
| pll_clk[0]_DIV                                                                                      | u_ddr4_0/inst/u_ddr4_mem_intfc/u_mig_ddr4_phy/inst/generate_block1.u_ddr_xiphy/byte_num[0].xiphy_byte_wrapper.u_xiphy_byte_wrapper/I_CONTROL[0].GEN_I_CONTROL.u_xiphy_control/TX_BIT_CTRL_OUT0[26] |             3.0 |
| pll_clk[1]                                                                                          | u_ddr4_0/inst/u_ddr4_mem_intfc/u_mig_ddr4_phy/inst/u_ddr4_phy_pll/pll_clk[1]                                                                                                                       |             0.4 |
| pll_clk[1]_DIV                                                                                      | u_ddr4_0/inst/u_ddr4_mem_intfc/u_mig_ddr4_phy/inst/generate_block1.u_ddr_xiphy/byte_num[5].xiphy_byte_wrapper.u_xiphy_byte_wrapper/I_CONTROL[0].GEN_I_CONTROL.u_xiphy_control/TX_BIT_CTRL_OUT0[26] |             3.0 |
+-----------------------------------------------------------------------------------------------------+----------------------------------------------------------------------------------------------------------------------------------------------------------------------------------------------------+-----------------+


3. Detailed Reports
-------------------

3.1 By Hierarchy
----------------

+-----------------------------+-----------+
| Name                        | Power (W) |
+-----------------------------+-----------+
| example_top                 |     0.861 |
|   dbg_hub                   |     0.003 |
|     inst                    |     0.003 |
|       BSCANID.u_xsdbm_id    |     0.003 |
|   u_ddr4_0                  |     0.854 |
|     inst                    |     0.854 |
|       u_ddr4_infrastructure |     0.092 |
|       u_ddr4_mem_intfc      |     0.762 |
|   u_example_tb              |     0.005 |
+-----------------------------+-----------+


