Copyright 1986-2022 Xilinx, Inc. All Rights Reserved. Copyright 2022-2023 Advanced Micro Devices, Inc. All Rights Reserved.
-------------------------------------------------------------------------------------------------------------------------------------------------
| Tool Version     : Vivado v.2023.1 (win64) Build 3865809 Sun May  7 15:05:29 MDT 2023
| Date             : Sun Dec  8 08:46:07 2024
| Host             : DESKTOP-IDDMGFU running 64-bit major release  (build 9200)
| Command          : report_power -file uart_eco_power_routed.rpt -pb uart_eco_power_summary_routed.pb -rpx uart_eco_power_routed.rpx
| Design           : uart_eco
| Device           : xcku5p-ffvb676-2-i
| Design State     : routed
| Grade            : industrial
| Process          : typical
| Characterization : Production
-------------------------------------------------------------------------------------------------------------------------------------------------

Power Report

Table of Contents
-----------------
1. Summary
1.1 On-Chip Components
1.2 Power Supply Summary
1.3 Confidence Level
2. Settings
2.1 Environment
2.2 Clock Constraints
3. Detailed Reports
3.1 By Hierarchy

1. Summary
----------

+--------------------------+--------------+
| Total On-Chip Power (W)  | 0.493        |
| Design Power Budget (W)  | Unspecified* |
| Power Budget Margin (W)  | NA           |
| Dynamic (W)              | 0.019        |
| Device Static (W)        | 0.473        |
| Effective TJA (C/W)      | 1.7          |
| Max Ambient (C)          | 99.1         |
| Junction Temperature (C) | 25.9         |
| Confidence Level         | Medium       |
| Setting File             | ---          |
| Simulation Activity File | ---          |
| Design Nets Matched      | NA           |
+--------------------------+--------------+
* Specify Design Power Budget using, set_operating_conditions -design_power_budget <value in Watts>


1.1 On-Chip Components
----------------------

+--------------------------+-----------+----------+-----------+-----------------+
| On-Chip                  | Power (W) | Used     | Available | Utilization (%) |
+--------------------------+-----------+----------+-----------+-----------------+
| Clocks                   |     0.009 |        4 |       --- |             --- |
| CLB Logic                |     0.002 |    11705 |       --- |             --- |
|   LUT as Logic           |     0.001 |     3221 |    216960 |            1.48 |
|   LUT as Shift Register  |    <0.001 |      591 |     99840 |            0.59 |
|   LUT as Distributed RAM |    <0.001 |      132 |     99840 |            0.13 |
|   Register               |    <0.001 |     5524 |    433920 |            1.27 |
|   CARRY8                 |    <0.001 |      114 |     27120 |            0.42 |
|   Others                 |     0.000 |      854 |       --- |             --- |
|   F7/F8 Muxes            |     0.000 |      156 |    216960 |            0.07 |
| Signals                  |     0.002 |     8264 |       --- |             --- |
| Block RAM                |     0.005 |       24 |       480 |            5.00 |
| I/O                      |     0.001 |        4 |       280 |            1.43 |
| Static Power             |     0.473 |          |           |                 |
| Total                    |     0.493 |          |           |                 |
+--------------------------+-----------+----------+-----------+-----------------+


1.2 Power Supply Summary
------------------------

+------------+-------------+-----------+-------------+------------+-------------+-------------+------------+
| Source     | Voltage (V) | Total (A) | Dynamic (A) | Static (A) | Powerup (A) | Budget (A)  | Margin (A) |
+------------+-------------+-----------+-------------+------------+-------------+-------------+------------+
| Vccint     |       0.850 |     0.158 |       0.021 |      0.137 |       NA    | Unspecified | NA         |
| Vccint_io  |       0.850 |     0.035 |       0.000 |      0.035 |       NA    | Unspecified | NA         |
| Vccbram    |       0.850 |     0.002 |       0.000 |      0.002 |       NA    | Unspecified | NA         |
| Vccaux     |       1.800 |     0.129 |       0.000 |      0.129 |       NA    | Unspecified | NA         |
| Vccaux_io  |       1.800 |     0.032 |       0.000 |      0.031 |       NA    | Unspecified | NA         |
| Vcco33     |       3.300 |     0.007 |       0.000 |      0.007 |       NA    | Unspecified | NA         |
| Vcco25     |       2.500 |     0.000 |       0.000 |      0.000 |       NA    | Unspecified | NA         |
| Vcco18     |       1.800 |     0.000 |       0.000 |      0.000 |       NA    | Unspecified | NA         |
| Vcco15     |       1.500 |     0.000 |       0.000 |      0.000 |       NA    | Unspecified | NA         |
| Vcco135    |       1.350 |     0.000 |       0.000 |      0.000 |       NA    | Unspecified | NA         |
| Vcco12     |       1.200 |     0.000 |       0.000 |      0.000 |       NA    | Unspecified | NA         |
| Vcco10     |       1.000 |     0.000 |       0.000 |      0.000 |       NA    | Unspecified | NA         |
| Vccadc     |       1.800 |     0.008 |       0.000 |      0.008 |       NA    | Unspecified | NA         |
| MGTYAVcc   |       0.900 |     0.000 |       0.000 |      0.000 |       NA    | Unspecified | NA         |
| MGTYAVtt   |       1.200 |     0.000 |       0.000 |      0.000 |       NA    | Unspecified | NA         |
| MGTYVccaux |       1.800 |     0.000 |       0.000 |      0.000 |       NA    | Unspecified | NA         |
+------------+-------------+-----------+-------------+------------+-------------+-------------+------------+


1.3 Confidence Level
--------------------

+-----------------------------+------------+-------------------------------------------------------+------------------------------------------------------------------------------------------------------------+
| User Input Data             | Confidence | Details                                               | Action                                                                                                     |
+-----------------------------+------------+-------------------------------------------------------+------------------------------------------------------------------------------------------------------------+
| Design implementation state | High       | Design is routed                                      |                                                                                                            |
| Clock nodes activity        | High       | User specified more than 95% of clocks                |                                                                                                            |
| I/O nodes activity          | Medium     | More than 5% of inputs are missing user specification | Provide missing input activity with simulation results or by editing the "By Resource Type -> I/Os" view   |
| Internal nodes activity     | Medium     | User specified less than 25% of internal nodes        | Provide missing internal nodes activity with simulation results or by editing the "By Resource Type" views |
| Device models               | High       | Device models are Production                          |                                                                                                            |
|                             |            |                                                       |                                                                                                            |
| Overall confidence level    | Medium     |                                                       |                                                                                                            |
+-----------------------------+------------+-------------------------------------------------------+------------------------------------------------------------------------------------------------------------+


2. Settings
-----------

2.1 Environment
---------------

+-----------------------+--------------------------+
| Ambient Temp (C)      | 25.0                     |
| ThetaJA (C/W)         | 1.7                      |
| Airflow (LFM)         | 250                      |
| Heat Sink             | medium (Medium Profile)  |
| ThetaSA (C/W)         | 2.8                      |
| Board Selection       | medium (10"x10")         |
| # of Board Layers     | 12to15 (12 to 15 Layers) |
| Board Temperature (C) | 25.0                     |
+-----------------------+--------------------------+


2.2 Clock Constraints
---------------------

+-----------------------------------------------------------------------------------------------------+--------------------------------------------------------------------+-----------------+
| Clock                                                                                               | Domain                                                             | Constraint (ns) |
+-----------------------------------------------------------------------------------------------------+--------------------------------------------------------------------+-----------------+
| clk                                                                                                 | clk                                                                |            20.0 |
| dbg_hub/inst/BSCANID.u_xsdbm_id/SWITCH_N_EXT_BSCAN.bscan_inst/SERIES7_BSCAN.bscan_inst/INTERNAL_TCK | dbg_hub/inst/BSCANID.u_xsdbm_id/SWITCH_N_EXT_BSCAN.bscan_inst/DRCK |            50.0 |
+-----------------------------------------------------------------------------------------------------+--------------------------------------------------------------------+-----------------+


3. Detailed Reports
-------------------

3.1 By Hierarchy
----------------

+--------------------------+-----------+
| Name                     | Power (W) |
+--------------------------+-----------+
| uart_eco                 |     0.019 |
|   clk_IBUF_inst          |     0.001 |
|   dbg_hub                |     0.002 |
|     inst                 |     0.002 |
|       BSCANID.u_xsdbm_id |     0.002 |
|   u_ila_0                |     0.016 |
|     inst                 |     0.016 |
|       ila_core_inst      |     0.016 |
+--------------------------+-----------+


