
*** Running vivado
    with args -log example_top.vds -m64 -product Vivado -mode batch -messageDb vivado.pb -notrace -source example_top.tcl



****** Vivado v2023.1 (64-bit)
  **** SW Build 3865809 on Sun May  7 15:05:29 MDT 2023
  **** IP Build 3864474 on Sun May  7 20:36:21 MDT 2023
  **** SharedData Build 3865790 on Sun May 07 13:33:03 MDT 2023
    ** Copyright 1986-2022 Xilinx, Inc. All Rights Reserved.
    ** Copyright 2022-2023 Advanced Micro Devices, Inc. All Rights Reserved.

source example_top.tcl -notrace
create_project: Time (s): cpu = 00:00:05 ; elapsed = 00:00:07 . Memory (MB): peak = 1400.613 ; gain = 161.387
Command: read_checkpoint -auto_incremental -incremental D:/VIVADO231/ku5p/ddr4_0_ex/ddr4_0_ex.srcs/utils_1/imports/synth_1/example_top.dcp
INFO: [Vivado 12-5825] Read reference checkpoint from D:/VIVADO231/ku5p/ddr4_0_ex/ddr4_0_ex.srcs/utils_1/imports/synth_1/example_top.dcp for incremental synthesis
INFO: [Vivado 12-7989] Please ensure there are no constraint changes
Command: synth_design -top example_top -part xcku5p-ffvb676-2-i
Starting synth_design
Attempting to get a license for feature 'Synthesis' and/or device 'xcku5p'
INFO: [Common 17-349] Got license for feature 'Synthesis' and/or device 'xcku5p'
INFO: [Device 21-403] Loading part xcku5p-ffvb676-2-i
INFO: [Designutils 20-5440] No compile time benefit to using incremental synthesis; A full resynthesis will be run
INFO: [Designutils 20-4379] Flow is switching to default flow due to incremental criteria not met. If you would like to alter this behaviour and have the flow terminate instead, please set the following parameter config_implementation {autoIncr.Synth.RejectBehavior Terminate}
INFO: [Synth 8-7079] Multithreading enabled for synth_design using a maximum of 2 processes.
INFO: [Synth 8-7078] Launching helper process for spawning children vivado processes
INFO: [Synth 8-7075] Helper process launched with PID 26704
---------------------------------------------------------------------------------
Starting RTL Elaboration : Time (s): cpu = 00:00:03 ; elapsed = 00:00:04 . Memory (MB): peak = 2893.977 ; gain = 381.734
---------------------------------------------------------------------------------
INFO: [Synth 8-6157] synthesizing module 'example_top' [D:/VIVADO231/ku5p/ddr4_0_ex/imports/example_top.sv:89]
INFO: [Synth 8-6157] synthesizing module 'ddr4_0' [D:/VIVADO231/ku5p/ddr4_0_ex/ddr4_0_ex.runs/synth_1/.Xil/Vivado-19940-DESKTOP-IDDMGFU/realtime/ddr4_0_stub.v:6]
INFO: [Synth 8-6155] done synthesizing module 'ddr4_0' (0#1) [D:/VIVADO231/ku5p/ddr4_0_ex/ddr4_0_ex.runs/synth_1/.Xil/Vivado-19940-DESKTOP-IDDMGFU/realtime/ddr4_0_stub.v:6]
INFO: [Synth 8-6157] synthesizing module 'example_tb' [D:/VIVADO231/ku5p/ddr4_0_ex/imports/example_tb.sv:93]
	Parameter SIMULATION bound to: FALSE - type: string 
	Parameter APP_DATA_WIDTH bound to: 256 - type: integer 
	Parameter APP_ADDR_WIDTH bound to: 29 - type: integer 
	Parameter MEM_ADDR_ORDER bound to: ROW_COLUMN_BANK - type: string 
INFO: [Synth 8-6155] done synthesizing module 'example_tb' (0#1) [D:/VIVADO231/ku5p/ddr4_0_ex/imports/example_tb.sv:93]
INFO: [Synth 8-6155] done synthesizing module 'example_top' (0#1) [D:/VIVADO231/ku5p/ddr4_0_ex/imports/example_top.sv:89]
---------------------------------------------------------------------------------
Finished RTL Elaboration : Time (s): cpu = 00:00:05 ; elapsed = 00:00:06 . Memory (MB): peak = 2990.863 ; gain = 478.621
---------------------------------------------------------------------------------
---------------------------------------------------------------------------------
Start Handling Custom Attributes
---------------------------------------------------------------------------------
---------------------------------------------------------------------------------
Finished Handling Custom Attributes : Time (s): cpu = 00:00:05 ; elapsed = 00:00:06 . Memory (MB): peak = 3008.766 ; gain = 496.523
---------------------------------------------------------------------------------
---------------------------------------------------------------------------------
Finished RTL Optimization Phase 1 : Time (s): cpu = 00:00:05 ; elapsed = 00:00:06 . Memory (MB): peak = 3008.766 ; gain = 496.523
---------------------------------------------------------------------------------
Netlist sorting complete. Time (s): cpu = 00:00:00 ; elapsed = 00:00:00.012 . Memory (MB): peak = 3008.766 ; gain = 0.000
INFO: [Project 1-570] Preparing netlist for logic optimization

Processing XDC Constraints
Initializing timing engine
Parsing XDC File [d:/VIVADO231/ku5p/ddr4_0_ex/ddr4_0_ex.gen/sources_1/ip/ddr4_0/ddr4_0/ddr4_0_in_context.xdc] for cell 'u_ddr4_0'
Finished Parsing XDC File [d:/VIVADO231/ku5p/ddr4_0_ex/ddr4_0_ex.gen/sources_1/ip/ddr4_0/ddr4_0/ddr4_0_in_context.xdc] for cell 'u_ddr4_0'
Parsing XDC File [D:/VIVADO231/ku5p/ddr4_0_ex/ddr4_0_ex.runs/synth_1/dont_touch.xdc]
Finished Parsing XDC File [D:/VIVADO231/ku5p/ddr4_0_ex/ddr4_0_ex.runs/synth_1/dont_touch.xdc]
Parsing XDC File [D:/VIVADO231/ku5p/ddr4_0_ex/imports/example_design.xdc]
Finished Parsing XDC File [D:/VIVADO231/ku5p/ddr4_0_ex/imports/example_design.xdc]
INFO: [Project 1-236] Implementation specific constraints were found while reading constraint file [D:/VIVADO231/ku5p/ddr4_0_ex/imports/example_design.xdc]. These constraints will be ignored for synthesis but will be used in implementation. Impacted constraints are listed in the file [.Xil/example_top_propImpl.xdc].
Resolution: To avoid this warning, move constraints listed in [.Xil/example_top_propImpl.xdc] to another XDC file and exclude this new file from synthesis with the used_in_synthesis property (File Properties dialog in GUI) and re-run elaboration/synthesis.
Completed Processing XDC Constraints

Netlist sorting complete. Time (s): cpu = 00:00:00 ; elapsed = 00:00:00 . Memory (MB): peak = 3130.973 ; gain = 0.000
INFO: [Project 1-111] Unisim Transformation Summary:
No Unisim elements were transformed.

Constraint Validation Runtime : Time (s): cpu = 00:00:00 ; elapsed = 00:00:00.005 . Memory (MB): peak = 3130.973 ; gain = 0.000
INFO: [Designutils 20-5440] No compile time benefit to using incremental synthesis; A full resynthesis will be run
INFO: [Designutils 20-4379] Flow is switching to default flow due to incremental criteria not met. If you would like to alter this behaviour and have the flow terminate instead, please set the following parameter config_implementation {autoIncr.Synth.RejectBehavior Terminate}
---------------------------------------------------------------------------------
Finished Constraint Validation : Time (s): cpu = 00:00:13 ; elapsed = 00:00:15 . Memory (MB): peak = 3130.973 ; gain = 618.730
---------------------------------------------------------------------------------
---------------------------------------------------------------------------------
Start Loading Part and Timing Information
---------------------------------------------------------------------------------
Loading part: xcku5p-ffvb676-2-i
INFO: [Synth 8-6742] Reading net delay rules and data
---------------------------------------------------------------------------------
Finished Loading Part and Timing Information : Time (s): cpu = 00:00:13 ; elapsed = 00:00:15 . Memory (MB): peak = 3130.973 ; gain = 618.730
---------------------------------------------------------------------------------
---------------------------------------------------------------------------------
Start Applying 'set_property' XDC Constraints
---------------------------------------------------------------------------------
Applied set_property IO_BUFFER_TYPE = NONE for c0_ddr4_act_n. (constraint file  d:/VIVADO231/ku5p/ddr4_0_ex/ddr4_0_ex.gen/sources_1/ip/ddr4_0/ddr4_0/ddr4_0_in_context.xdc, line 4).
Applied set_property CLOCK_BUFFER_TYPE = NONE for c0_ddr4_act_n. (constraint file  d:/VIVADO231/ku5p/ddr4_0_ex/ddr4_0_ex.gen/sources_1/ip/ddr4_0/ddr4_0/ddr4_0_in_context.xdc, line 5).
Applied set_property IO_BUFFER_TYPE = NONE for c0_ddr4_adr[0]. (constraint file  d:/VIVADO231/ku5p/ddr4_0_ex/ddr4_0_ex.gen/sources_1/ip/ddr4_0/ddr4_0/ddr4_0_in_context.xdc, line 6).
Applied set_property CLOCK_BUFFER_TYPE = NONE for c0_ddr4_adr[0]. (constraint file  d:/VIVADO231/ku5p/ddr4_0_ex/ddr4_0_ex.gen/sources_1/ip/ddr4_0/ddr4_0/ddr4_0_in_context.xdc, line 7).
Applied set_property IO_BUFFER_TYPE = NONE for c0_ddr4_adr[10]. (constraint file  d:/VIVADO231/ku5p/ddr4_0_ex/ddr4_0_ex.gen/sources_1/ip/ddr4_0/ddr4_0/ddr4_0_in_context.xdc, line 8).
Applied set_property CLOCK_BUFFER_TYPE = NONE for c0_ddr4_adr[10]. (constraint file  d:/VIVADO231/ku5p/ddr4_0_ex/ddr4_0_ex.gen/sources_1/ip/ddr4_0/ddr4_0/ddr4_0_in_context.xdc, line 9).
Applied set_property IO_BUFFER_TYPE = NONE for c0_ddr4_adr[11]. (constraint file  d:/VIVADO231/ku5p/ddr4_0_ex/ddr4_0_ex.gen/sources_1/ip/ddr4_0/ddr4_0/ddr4_0_in_context.xdc, line 10).
Applied set_property CLOCK_BUFFER_TYPE = NONE for c0_ddr4_adr[11]. (constraint file  d:/VIVADO231/ku5p/ddr4_0_ex/ddr4_0_ex.gen/sources_1/ip/ddr4_0/ddr4_0/ddr4_0_in_context.xdc, line 11).
Applied set_property IO_BUFFER_TYPE = NONE for c0_ddr4_adr[12]. (constraint file  d:/VIVADO231/ku5p/ddr4_0_ex/ddr4_0_ex.gen/sources_1/ip/ddr4_0/ddr4_0/ddr4_0_in_context.xdc, line 12).
Applied set_property CLOCK_BUFFER_TYPE = NONE for c0_ddr4_adr[12]. (constraint file  d:/VIVADO231/ku5p/ddr4_0_ex/ddr4_0_ex.gen/sources_1/ip/ddr4_0/ddr4_0/ddr4_0_in_context.xdc, line 13).
Applied set_property IO_BUFFER_TYPE = NONE for c0_ddr4_adr[13]. (constraint file  d:/VIVADO231/ku5p/ddr4_0_ex/ddr4_0_ex.gen/sources_1/ip/ddr4_0/ddr4_0/ddr4_0_in_context.xdc, line 14).
Applied set_property CLOCK_BUFFER_TYPE = NONE for c0_ddr4_adr[13]. (constraint file  d:/VIVADO231/ku5p/ddr4_0_ex/ddr4_0_ex.gen/sources_1/ip/ddr4_0/ddr4_0/ddr4_0_in_context.xdc, line 15).
Applied set_property IO_BUFFER_TYPE = NONE for c0_ddr4_adr[14]. (constraint file  d:/VIVADO231/ku5p/ddr4_0_ex/ddr4_0_ex.gen/sources_1/ip/ddr4_0/ddr4_0/ddr4_0_in_context.xdc, line 16).
Applied set_property CLOCK_BUFFER_TYPE = NONE for c0_ddr4_adr[14]. (constraint file  d:/VIVADO231/ku5p/ddr4_0_ex/ddr4_0_ex.gen/sources_1/ip/ddr4_0/ddr4_0/ddr4_0_in_context.xdc, line 17).
Applied set_property IO_BUFFER_TYPE = NONE for c0_ddr4_adr[15]. (constraint file  d:/VIVADO231/ku5p/ddr4_0_ex/ddr4_0_ex.gen/sources_1/ip/ddr4_0/ddr4_0/ddr4_0_in_context.xdc, line 18).
Applied set_property CLOCK_BUFFER_TYPE = NONE for c0_ddr4_adr[15]. (constraint file  d:/VIVADO231/ku5p/ddr4_0_ex/ddr4_0_ex.gen/sources_1/ip/ddr4_0/ddr4_0/ddr4_0_in_context.xdc, line 19).
Applied set_property IO_BUFFER_TYPE = NONE for c0_ddr4_adr[16]. (constraint file  d:/VIVADO231/ku5p/ddr4_0_ex/ddr4_0_ex.gen/sources_1/ip/ddr4_0/ddr4_0/ddr4_0_in_context.xdc, line 20).
Applied set_property CLOCK_BUFFER_TYPE = NONE for c0_ddr4_adr[16]. (constraint file  d:/VIVADO231/ku5p/ddr4_0_ex/ddr4_0_ex.gen/sources_1/ip/ddr4_0/ddr4_0/ddr4_0_in_context.xdc, line 21).
Applied set_property IO_BUFFER_TYPE = NONE for c0_ddr4_adr[1]. (constraint file  d:/VIVADO231/ku5p/ddr4_0_ex/ddr4_0_ex.gen/sources_1/ip/ddr4_0/ddr4_0/ddr4_0_in_context.xdc, line 22).
Applied set_property CLOCK_BUFFER_TYPE = NONE for c0_ddr4_adr[1]. (constraint file  d:/VIVADO231/ku5p/ddr4_0_ex/ddr4_0_ex.gen/sources_1/ip/ddr4_0/ddr4_0/ddr4_0_in_context.xdc, line 23).
Applied set_property IO_BUFFER_TYPE = NONE for c0_ddr4_adr[2]. (constraint file  d:/VIVADO231/ku5p/ddr4_0_ex/ddr4_0_ex.gen/sources_1/ip/ddr4_0/ddr4_0/ddr4_0_in_context.xdc, line 24).
Applied set_property CLOCK_BUFFER_TYPE = NONE for c0_ddr4_adr[2]. (constraint file  d:/VIVADO231/ku5p/ddr4_0_ex/ddr4_0_ex.gen/sources_1/ip/ddr4_0/ddr4_0/ddr4_0_in_context.xdc, line 25).
Applied set_property IO_BUFFER_TYPE = NONE for c0_ddr4_adr[3]. (constraint file  d:/VIVADO231/ku5p/ddr4_0_ex/ddr4_0_ex.gen/sources_1/ip/ddr4_0/ddr4_0/ddr4_0_in_context.xdc, line 26).
Applied set_property CLOCK_BUFFER_TYPE = NONE for c0_ddr4_adr[3]. (constraint file  d:/VIVADO231/ku5p/ddr4_0_ex/ddr4_0_ex.gen/sources_1/ip/ddr4_0/ddr4_0/ddr4_0_in_context.xdc, line 27).
Applied set_property IO_BUFFER_TYPE = NONE for c0_ddr4_adr[4]. (constraint file  d:/VIVADO231/ku5p/ddr4_0_ex/ddr4_0_ex.gen/sources_1/ip/ddr4_0/ddr4_0/ddr4_0_in_context.xdc, line 28).
Applied set_property CLOCK_BUFFER_TYPE = NONE for c0_ddr4_adr[4]. (constraint file  d:/VIVADO231/ku5p/ddr4_0_ex/ddr4_0_ex.gen/sources_1/ip/ddr4_0/ddr4_0/ddr4_0_in_context.xdc, line 29).
Applied set_property IO_BUFFER_TYPE = NONE for c0_ddr4_adr[5]. (constraint file  d:/VIVADO231/ku5p/ddr4_0_ex/ddr4_0_ex.gen/sources_1/ip/ddr4_0/ddr4_0/ddr4_0_in_context.xdc, line 30).
Applied set_property CLOCK_BUFFER_TYPE = NONE for c0_ddr4_adr[5]. (constraint file  d:/VIVADO231/ku5p/ddr4_0_ex/ddr4_0_ex.gen/sources_1/ip/ddr4_0/ddr4_0/ddr4_0_in_context.xdc, line 31).
Applied set_property IO_BUFFER_TYPE = NONE for c0_ddr4_adr[6]. (constraint file  d:/VIVADO231/ku5p/ddr4_0_ex/ddr4_0_ex.gen/sources_1/ip/ddr4_0/ddr4_0/ddr4_0_in_context.xdc, line 32).
Applied set_property CLOCK_BUFFER_TYPE = NONE for c0_ddr4_adr[6]. (constraint file  d:/VIVADO231/ku5p/ddr4_0_ex/ddr4_0_ex.gen/sources_1/ip/ddr4_0/ddr4_0/ddr4_0_in_context.xdc, line 33).
Applied set_property IO_BUFFER_TYPE = NONE for c0_ddr4_adr[7]. (constraint file  d:/VIVADO231/ku5p/ddr4_0_ex/ddr4_0_ex.gen/sources_1/ip/ddr4_0/ddr4_0/ddr4_0_in_context.xdc, line 34).
Applied set_property CLOCK_BUFFER_TYPE = NONE for c0_ddr4_adr[7]. (constraint file  d:/VIVADO231/ku5p/ddr4_0_ex/ddr4_0_ex.gen/sources_1/ip/ddr4_0/ddr4_0/ddr4_0_in_context.xdc, line 35).
Applied set_property IO_BUFFER_TYPE = NONE for c0_ddr4_adr[8]. (constraint file  d:/VIVADO231/ku5p/ddr4_0_ex/ddr4_0_ex.gen/sources_1/ip/ddr4_0/ddr4_0/ddr4_0_in_context.xdc, line 36).
Applied set_property CLOCK_BUFFER_TYPE = NONE for c0_ddr4_adr[8]. (constraint file  d:/VIVADO231/ku5p/ddr4_0_ex/ddr4_0_ex.gen/sources_1/ip/ddr4_0/ddr4_0/ddr4_0_in_context.xdc, line 37).
Applied set_property IO_BUFFER_TYPE = NONE for c0_ddr4_adr[9]. (constraint file  d:/VIVADO231/ku5p/ddr4_0_ex/ddr4_0_ex.gen/sources_1/ip/ddr4_0/ddr4_0/ddr4_0_in_context.xdc, line 38).
Applied set_property CLOCK_BUFFER_TYPE = NONE for c0_ddr4_adr[9]. (constraint file  d:/VIVADO231/ku5p/ddr4_0_ex/ddr4_0_ex.gen/sources_1/ip/ddr4_0/ddr4_0/ddr4_0_in_context.xdc, line 39).
Applied set_property IO_BUFFER_TYPE = NONE for c0_ddr4_ba[0]. (constraint file  d:/VIVADO231/ku5p/ddr4_0_ex/ddr4_0_ex.gen/sources_1/ip/ddr4_0/ddr4_0/ddr4_0_in_context.xdc, line 40).
Applied set_property CLOCK_BUFFER_TYPE = NONE for c0_ddr4_ba[0]. (constraint file  d:/VIVADO231/ku5p/ddr4_0_ex/ddr4_0_ex.gen/sources_1/ip/ddr4_0/ddr4_0/ddr4_0_in_context.xdc, line 41).
Applied set_property IO_BUFFER_TYPE = NONE for c0_ddr4_ba[1]. (constraint file  d:/VIVADO231/ku5p/ddr4_0_ex/ddr4_0_ex.gen/sources_1/ip/ddr4_0/ddr4_0/ddr4_0_in_context.xdc, line 42).
Applied set_property CLOCK_BUFFER_TYPE = NONE for c0_ddr4_ba[1]. (constraint file  d:/VIVADO231/ku5p/ddr4_0_ex/ddr4_0_ex.gen/sources_1/ip/ddr4_0/ddr4_0/ddr4_0_in_context.xdc, line 43).
Applied set_property IO_BUFFER_TYPE = NONE for c0_ddr4_bg[0]. (constraint file  d:/VIVADO231/ku5p/ddr4_0_ex/ddr4_0_ex.gen/sources_1/ip/ddr4_0/ddr4_0/ddr4_0_in_context.xdc, line 44).
Applied set_property CLOCK_BUFFER_TYPE = NONE for c0_ddr4_bg[0]. (constraint file  d:/VIVADO231/ku5p/ddr4_0_ex/ddr4_0_ex.gen/sources_1/ip/ddr4_0/ddr4_0/ddr4_0_in_context.xdc, line 45).
Applied set_property IO_BUFFER_TYPE = NONE for c0_ddr4_ck_c[0]. (constraint file  d:/VIVADO231/ku5p/ddr4_0_ex/ddr4_0_ex.gen/sources_1/ip/ddr4_0/ddr4_0/ddr4_0_in_context.xdc, line 46).
Applied set_property CLOCK_BUFFER_TYPE = NONE for c0_ddr4_ck_c[0]. (constraint file  d:/VIVADO231/ku5p/ddr4_0_ex/ddr4_0_ex.gen/sources_1/ip/ddr4_0/ddr4_0/ddr4_0_in_context.xdc, line 47).
Applied set_property IO_BUFFER_TYPE = NONE for c0_ddr4_ck_t[0]. (constraint file  d:/VIVADO231/ku5p/ddr4_0_ex/ddr4_0_ex.gen/sources_1/ip/ddr4_0/ddr4_0/ddr4_0_in_context.xdc, line 48).
Applied set_property CLOCK_BUFFER_TYPE = NONE for c0_ddr4_ck_t[0]. (constraint file  d:/VIVADO231/ku5p/ddr4_0_ex/ddr4_0_ex.gen/sources_1/ip/ddr4_0/ddr4_0/ddr4_0_in_context.xdc, line 49).
Applied set_property IO_BUFFER_TYPE = NONE for c0_ddr4_cke[0]. (constraint file  d:/VIVADO231/ku5p/ddr4_0_ex/ddr4_0_ex.gen/sources_1/ip/ddr4_0/ddr4_0/ddr4_0_in_context.xdc, line 50).
Applied set_property CLOCK_BUFFER_TYPE = NONE for c0_ddr4_cke[0]. (constraint file  d:/VIVADO231/ku5p/ddr4_0_ex/ddr4_0_ex.gen/sources_1/ip/ddr4_0/ddr4_0/ddr4_0_in_context.xdc, line 51).
Applied set_property IO_BUFFER_TYPE = NONE for c0_ddr4_cs_n[0]. (constraint file  d:/VIVADO231/ku5p/ddr4_0_ex/ddr4_0_ex.gen/sources_1/ip/ddr4_0/ddr4_0/ddr4_0_in_context.xdc, line 52).
Applied set_property CLOCK_BUFFER_TYPE = NONE for c0_ddr4_cs_n[0]. (constraint file  d:/VIVADO231/ku5p/ddr4_0_ex/ddr4_0_ex.gen/sources_1/ip/ddr4_0/ddr4_0/ddr4_0_in_context.xdc, line 53).
Applied set_property IO_BUFFER_TYPE = NONE for c0_ddr4_dm_dbi_n[0]. (constraint file  d:/VIVADO231/ku5p/ddr4_0_ex/ddr4_0_ex.gen/sources_1/ip/ddr4_0/ddr4_0/ddr4_0_in_context.xdc, line 54).
Applied set_property CLOCK_BUFFER_TYPE = NONE for c0_ddr4_dm_dbi_n[0]. (constraint file  d:/VIVADO231/ku5p/ddr4_0_ex/ddr4_0_ex.gen/sources_1/ip/ddr4_0/ddr4_0/ddr4_0_in_context.xdc, line 55).
Applied set_property IO_BUFFER_TYPE = NONE for c0_ddr4_dm_dbi_n[1]. (constraint file  d:/VIVADO231/ku5p/ddr4_0_ex/ddr4_0_ex.gen/sources_1/ip/ddr4_0/ddr4_0/ddr4_0_in_context.xdc, line 56).
Applied set_property CLOCK_BUFFER_TYPE = NONE for c0_ddr4_dm_dbi_n[1]. (constraint file  d:/VIVADO231/ku5p/ddr4_0_ex/ddr4_0_ex.gen/sources_1/ip/ddr4_0/ddr4_0/ddr4_0_in_context.xdc, line 57).
Applied set_property IO_BUFFER_TYPE = NONE for c0_ddr4_dm_dbi_n[2]. (constraint file  d:/VIVADO231/ku5p/ddr4_0_ex/ddr4_0_ex.gen/sources_1/ip/ddr4_0/ddr4_0/ddr4_0_in_context.xdc, line 58).
Applied set_property CLOCK_BUFFER_TYPE = NONE for c0_ddr4_dm_dbi_n[2]. (constraint file  d:/VIVADO231/ku5p/ddr4_0_ex/ddr4_0_ex.gen/sources_1/ip/ddr4_0/ddr4_0/ddr4_0_in_context.xdc, line 59).
Applied set_property IO_BUFFER_TYPE = NONE for c0_ddr4_dm_dbi_n[3]. (constraint file  d:/VIVADO231/ku5p/ddr4_0_ex/ddr4_0_ex.gen/sources_1/ip/ddr4_0/ddr4_0/ddr4_0_in_context.xdc, line 60).
Applied set_property CLOCK_BUFFER_TYPE = NONE for c0_ddr4_dm_dbi_n[3]. (constraint file  d:/VIVADO231/ku5p/ddr4_0_ex/ddr4_0_ex.gen/sources_1/ip/ddr4_0/ddr4_0/ddr4_0_in_context.xdc, line 61).
Applied set_property IO_BUFFER_TYPE = NONE for c0_ddr4_dq[0]. (constraint file  d:/VIVADO231/ku5p/ddr4_0_ex/ddr4_0_ex.gen/sources_1/ip/ddr4_0/ddr4_0/ddr4_0_in_context.xdc, line 62).
Applied set_property CLOCK_BUFFER_TYPE = NONE for c0_ddr4_dq[0]. (constraint file  d:/VIVADO231/ku5p/ddr4_0_ex/ddr4_0_ex.gen/sources_1/ip/ddr4_0/ddr4_0/ddr4_0_in_context.xdc, line 63).
Applied set_property IO_BUFFER_TYPE = NONE for c0_ddr4_dq[10]. (constraint file  d:/VIVADO231/ku5p/ddr4_0_ex/ddr4_0_ex.gen/sources_1/ip/ddr4_0/ddr4_0/ddr4_0_in_context.xdc, line 64).
Applied set_property CLOCK_BUFFER_TYPE = NONE for c0_ddr4_dq[10]. (constraint file  d:/VIVADO231/ku5p/ddr4_0_ex/ddr4_0_ex.gen/sources_1/ip/ddr4_0/ddr4_0/ddr4_0_in_context.xdc, line 65).
Applied set_property IO_BUFFER_TYPE = NONE for c0_ddr4_dq[11]. (constraint file  d:/VIVADO231/ku5p/ddr4_0_ex/ddr4_0_ex.gen/sources_1/ip/ddr4_0/ddr4_0/ddr4_0_in_context.xdc, line 66).
Applied set_property CLOCK_BUFFER_TYPE = NONE for c0_ddr4_dq[11]. (constraint file  d:/VIVADO231/ku5p/ddr4_0_ex/ddr4_0_ex.gen/sources_1/ip/ddr4_0/ddr4_0/ddr4_0_in_context.xdc, line 67).
Applied set_property IO_BUFFER_TYPE = NONE for c0_ddr4_dq[12]. (constraint file  d:/VIVADO231/ku5p/ddr4_0_ex/ddr4_0_ex.gen/sources_1/ip/ddr4_0/ddr4_0/ddr4_0_in_context.xdc, line 68).
Applied set_property CLOCK_BUFFER_TYPE = NONE for c0_ddr4_dq[12]. (constraint file  d:/VIVADO231/ku5p/ddr4_0_ex/ddr4_0_ex.gen/sources_1/ip/ddr4_0/ddr4_0/ddr4_0_in_context.xdc, line 69).
Applied set_property IO_BUFFER_TYPE = NONE for c0_ddr4_dq[13]. (constraint file  d:/VIVADO231/ku5p/ddr4_0_ex/ddr4_0_ex.gen/sources_1/ip/ddr4_0/ddr4_0/ddr4_0_in_context.xdc, line 70).
Applied set_property CLOCK_BUFFER_TYPE = NONE for c0_ddr4_dq[13]. (constraint file  d:/VIVADO231/ku5p/ddr4_0_ex/ddr4_0_ex.gen/sources_1/ip/ddr4_0/ddr4_0/ddr4_0_in_context.xdc, line 71).
Applied set_property IO_BUFFER_TYPE = NONE for c0_ddr4_dq[14]. (constraint file  d:/VIVADO231/ku5p/ddr4_0_ex/ddr4_0_ex.gen/sources_1/ip/ddr4_0/ddr4_0/ddr4_0_in_context.xdc, line 72).
Applied set_property CLOCK_BUFFER_TYPE = NONE for c0_ddr4_dq[14]. (constraint file  d:/VIVADO231/ku5p/ddr4_0_ex/ddr4_0_ex.gen/sources_1/ip/ddr4_0/ddr4_0/ddr4_0_in_context.xdc, line 73).
Applied set_property IO_BUFFER_TYPE = NONE for c0_ddr4_dq[15]. (constraint file  d:/VIVADO231/ku5p/ddr4_0_ex/ddr4_0_ex.gen/sources_1/ip/ddr4_0/ddr4_0/ddr4_0_in_context.xdc, line 74).
Applied set_property CLOCK_BUFFER_TYPE = NONE for c0_ddr4_dq[15]. (constraint file  d:/VIVADO231/ku5p/ddr4_0_ex/ddr4_0_ex.gen/sources_1/ip/ddr4_0/ddr4_0/ddr4_0_in_context.xdc, line 75).
Applied set_property IO_BUFFER_TYPE = NONE for c0_ddr4_dq[16]. (constraint file  d:/VIVADO231/ku5p/ddr4_0_ex/ddr4_0_ex.gen/sources_1/ip/ddr4_0/ddr4_0/ddr4_0_in_context.xdc, line 76).
Applied set_property CLOCK_BUFFER_TYPE = NONE for c0_ddr4_dq[16]. (constraint file  d:/VIVADO231/ku5p/ddr4_0_ex/ddr4_0_ex.gen/sources_1/ip/ddr4_0/ddr4_0/ddr4_0_in_context.xdc, line 77).
Applied set_property IO_BUFFER_TYPE = NONE for c0_ddr4_dq[17]. (constraint file  d:/VIVADO231/ku5p/ddr4_0_ex/ddr4_0_ex.gen/sources_1/ip/ddr4_0/ddr4_0/ddr4_0_in_context.xdc, line 78).
Applied set_property CLOCK_BUFFER_TYPE = NONE for c0_ddr4_dq[17]. (constraint file  d:/VIVADO231/ku5p/ddr4_0_ex/ddr4_0_ex.gen/sources_1/ip/ddr4_0/ddr4_0/ddr4_0_in_context.xdc, line 79).
Applied set_property IO_BUFFER_TYPE = NONE for c0_ddr4_dq[18]. (constraint file  d:/VIVADO231/ku5p/ddr4_0_ex/ddr4_0_ex.gen/sources_1/ip/ddr4_0/ddr4_0/ddr4_0_in_context.xdc, line 80).
Applied set_property CLOCK_BUFFER_TYPE = NONE for c0_ddr4_dq[18]. (constraint file  d:/VIVADO231/ku5p/ddr4_0_ex/ddr4_0_ex.gen/sources_1/ip/ddr4_0/ddr4_0/ddr4_0_in_context.xdc, line 81).
Applied set_property IO_BUFFER_TYPE = NONE for c0_ddr4_dq[19]. (constraint file  d:/VIVADO231/ku5p/ddr4_0_ex/ddr4_0_ex.gen/sources_1/ip/ddr4_0/ddr4_0/ddr4_0_in_context.xdc, line 82).
Applied set_property CLOCK_BUFFER_TYPE = NONE for c0_ddr4_dq[19]. (constraint file  d:/VIVADO231/ku5p/ddr4_0_ex/ddr4_0_ex.gen/sources_1/ip/ddr4_0/ddr4_0/ddr4_0_in_context.xdc, line 83).
Applied set_property IO_BUFFER_TYPE = NONE for c0_ddr4_dq[1]. (constraint file  d:/VIVADO231/ku5p/ddr4_0_ex/ddr4_0_ex.gen/sources_1/ip/ddr4_0/ddr4_0/ddr4_0_in_context.xdc, line 84).
Applied set_property CLOCK_BUFFER_TYPE = NONE for c0_ddr4_dq[1]. (constraint file  d:/VIVADO231/ku5p/ddr4_0_ex/ddr4_0_ex.gen/sources_1/ip/ddr4_0/ddr4_0/ddr4_0_in_context.xdc, line 85).
Applied set_property IO_BUFFER_TYPE = NONE for c0_ddr4_dq[20]. (constraint file  d:/VIVADO231/ku5p/ddr4_0_ex/ddr4_0_ex.gen/sources_1/ip/ddr4_0/ddr4_0/ddr4_0_in_context.xdc, line 86).
Applied set_property CLOCK_BUFFER_TYPE = NONE for c0_ddr4_dq[20]. (constraint file  d:/VIVADO231/ku5p/ddr4_0_ex/ddr4_0_ex.gen/sources_1/ip/ddr4_0/ddr4_0/ddr4_0_in_context.xdc, line 87).
Applied set_property IO_BUFFER_TYPE = NONE for c0_ddr4_dq[21]. (constraint file  d:/VIVADO231/ku5p/ddr4_0_ex/ddr4_0_ex.gen/sources_1/ip/ddr4_0/ddr4_0/ddr4_0_in_context.xdc, line 88).
Applied set_property CLOCK_BUFFER_TYPE = NONE for c0_ddr4_dq[21]. (constraint file  d:/VIVADO231/ku5p/ddr4_0_ex/ddr4_0_ex.gen/sources_1/ip/ddr4_0/ddr4_0/ddr4_0_in_context.xdc, line 89).
Applied set_property IO_BUFFER_TYPE = NONE for c0_ddr4_dq[22]. (constraint file  d:/VIVADO231/ku5p/ddr4_0_ex/ddr4_0_ex.gen/sources_1/ip/ddr4_0/ddr4_0/ddr4_0_in_context.xdc, line 90).
Applied set_property CLOCK_BUFFER_TYPE = NONE for c0_ddr4_dq[22]. (constraint file  d:/VIVADO231/ku5p/ddr4_0_ex/ddr4_0_ex.gen/sources_1/ip/ddr4_0/ddr4_0/ddr4_0_in_context.xdc, line 91).
Applied set_property IO_BUFFER_TYPE = NONE for c0_ddr4_dq[23]. (constraint file  d:/VIVADO231/ku5p/ddr4_0_ex/ddr4_0_ex.gen/sources_1/ip/ddr4_0/ddr4_0/ddr4_0_in_context.xdc, line 92).
Applied set_property CLOCK_BUFFER_TYPE = NONE for c0_ddr4_dq[23]. (constraint file  d:/VIVADO231/ku5p/ddr4_0_ex/ddr4_0_ex.gen/sources_1/ip/ddr4_0/ddr4_0/ddr4_0_in_context.xdc, line 93).
Applied set_property IO_BUFFER_TYPE = NONE for c0_ddr4_dq[24]. (constraint file  d:/VIVADO231/ku5p/ddr4_0_ex/ddr4_0_ex.gen/sources_1/ip/ddr4_0/ddr4_0/ddr4_0_in_context.xdc, line 94).
Applied set_property CLOCK_BUFFER_TYPE = NONE for c0_ddr4_dq[24]. (constraint file  d:/VIVADO231/ku5p/ddr4_0_ex/ddr4_0_ex.gen/sources_1/ip/ddr4_0/ddr4_0/ddr4_0_in_context.xdc, line 95).
Applied set_property IO_BUFFER_TYPE = NONE for c0_ddr4_dq[25]. (constraint file  d:/VIVADO231/ku5p/ddr4_0_ex/ddr4_0_ex.gen/sources_1/ip/ddr4_0/ddr4_0/ddr4_0_in_context.xdc, line 96).
Applied set_property CLOCK_BUFFER_TYPE = NONE for c0_ddr4_dq[25]. (constraint file  d:/VIVADO231/ku5p/ddr4_0_ex/ddr4_0_ex.gen/sources_1/ip/ddr4_0/ddr4_0/ddr4_0_in_context.xdc, line 97).
Applied set_property IO_BUFFER_TYPE = NONE for c0_ddr4_dq[26]. (constraint file  d:/VIVADO231/ku5p/ddr4_0_ex/ddr4_0_ex.gen/sources_1/ip/ddr4_0/ddr4_0/ddr4_0_in_context.xdc, line 98).
Applied set_property CLOCK_BUFFER_TYPE = NONE for c0_ddr4_dq[26]. (constraint file  d:/VIVADO231/ku5p/ddr4_0_ex/ddr4_0_ex.gen/sources_1/ip/ddr4_0/ddr4_0/ddr4_0_in_context.xdc, line 99).
Applied set_property IO_BUFFER_TYPE = NONE for c0_ddr4_dq[27]. (constraint file  d:/VIVADO231/ku5p/ddr4_0_ex/ddr4_0_ex.gen/sources_1/ip/ddr4_0/ddr4_0/ddr4_0_in_context.xdc, line 100).
Applied set_property CLOCK_BUFFER_TYPE = NONE for c0_ddr4_dq[27]. (constraint file  d:/VIVADO231/ku5p/ddr4_0_ex/ddr4_0_ex.gen/sources_1/ip/ddr4_0/ddr4_0/ddr4_0_in_context.xdc, line 101).
Applied set_property IO_BUFFER_TYPE = NONE for c0_ddr4_dq[28]. (constraint file  d:/VIVADO231/ku5p/ddr4_0_ex/ddr4_0_ex.gen/sources_1/ip/ddr4_0/ddr4_0/ddr4_0_in_context.xdc, line 102).
Applied set_property CLOCK_BUFFER_TYPE = NONE for c0_ddr4_dq[28]. (constraint file  d:/VIVADO231/ku5p/ddr4_0_ex/ddr4_0_ex.gen/sources_1/ip/ddr4_0/ddr4_0/ddr4_0_in_context.xdc, line 103).
Applied set_property IO_BUFFER_TYPE = NONE for c0_ddr4_dq[29]. (constraint file  d:/VIVADO231/ku5p/ddr4_0_ex/ddr4_0_ex.gen/sources_1/ip/ddr4_0/ddr4_0/ddr4_0_in_context.xdc, line 104).
Applied set_property CLOCK_BUFFER_TYPE = NONE for c0_ddr4_dq[29]. (constraint file  d:/VIVADO231/ku5p/ddr4_0_ex/ddr4_0_ex.gen/sources_1/ip/ddr4_0/ddr4_0/ddr4_0_in_context.xdc, line 105).
Applied set_property IO_BUFFER_TYPE = NONE for c0_ddr4_dq[2]. (constraint file  d:/VIVADO231/ku5p/ddr4_0_ex/ddr4_0_ex.gen/sources_1/ip/ddr4_0/ddr4_0/ddr4_0_in_context.xdc, line 106).
Applied set_property CLOCK_BUFFER_TYPE = NONE for c0_ddr4_dq[2]. (constraint file  d:/VIVADO231/ku5p/ddr4_0_ex/ddr4_0_ex.gen/sources_1/ip/ddr4_0/ddr4_0/ddr4_0_in_context.xdc, line 107).
Applied set_property IO_BUFFER_TYPE = NONE for c0_ddr4_dq[30]. (constraint file  d:/VIVADO231/ku5p/ddr4_0_ex/ddr4_0_ex.gen/sources_1/ip/ddr4_0/ddr4_0/ddr4_0_in_context.xdc, line 108).
Applied set_property CLOCK_BUFFER_TYPE = NONE for c0_ddr4_dq[30]. (constraint file  d:/VIVADO231/ku5p/ddr4_0_ex/ddr4_0_ex.gen/sources_1/ip/ddr4_0/ddr4_0/ddr4_0_in_context.xdc, line 109).
Applied set_property IO_BUFFER_TYPE = NONE for c0_ddr4_dq[31]. (constraint file  d:/VIVADO231/ku5p/ddr4_0_ex/ddr4_0_ex.gen/sources_1/ip/ddr4_0/ddr4_0/ddr4_0_in_context.xdc, line 110).
Applied set_property CLOCK_BUFFER_TYPE = NONE for c0_ddr4_dq[31]. (constraint file  d:/VIVADO231/ku5p/ddr4_0_ex/ddr4_0_ex.gen/sources_1/ip/ddr4_0/ddr4_0/ddr4_0_in_context.xdc, line 111).
Applied set_property IO_BUFFER_TYPE = NONE for c0_ddr4_dq[3]. (constraint file  d:/VIVADO231/ku5p/ddr4_0_ex/ddr4_0_ex.gen/sources_1/ip/ddr4_0/ddr4_0/ddr4_0_in_context.xdc, line 112).
Applied set_property CLOCK_BUFFER_TYPE = NONE for c0_ddr4_dq[3]. (constraint file  d:/VIVADO231/ku5p/ddr4_0_ex/ddr4_0_ex.gen/sources_1/ip/ddr4_0/ddr4_0/ddr4_0_in_context.xdc, line 113).
Applied set_property IO_BUFFER_TYPE = NONE for c0_ddr4_dq[4]. (constraint file  d:/VIVADO231/ku5p/ddr4_0_ex/ddr4_0_ex.gen/sources_1/ip/ddr4_0/ddr4_0/ddr4_0_in_context.xdc, line 114).
Applied set_property CLOCK_BUFFER_TYPE = NONE for c0_ddr4_dq[4]. (constraint file  d:/VIVADO231/ku5p/ddr4_0_ex/ddr4_0_ex.gen/sources_1/ip/ddr4_0/ddr4_0/ddr4_0_in_context.xdc, line 115).
Applied set_property IO_BUFFER_TYPE = NONE for c0_ddr4_dq[5]. (constraint file  d:/VIVADO231/ku5p/ddr4_0_ex/ddr4_0_ex.gen/sources_1/ip/ddr4_0/ddr4_0/ddr4_0_in_context.xdc, line 116).
Applied set_property CLOCK_BUFFER_TYPE = NONE for c0_ddr4_dq[5]. (constraint file  d:/VIVADO231/ku5p/ddr4_0_ex/ddr4_0_ex.gen/sources_1/ip/ddr4_0/ddr4_0/ddr4_0_in_context.xdc, line 117).
Applied set_property IO_BUFFER_TYPE = NONE for c0_ddr4_dq[6]. (constraint file  d:/VIVADO231/ku5p/ddr4_0_ex/ddr4_0_ex.gen/sources_1/ip/ddr4_0/ddr4_0/ddr4_0_in_context.xdc, line 118).
Applied set_property CLOCK_BUFFER_TYPE = NONE for c0_ddr4_dq[6]. (constraint file  d:/VIVADO231/ku5p/ddr4_0_ex/ddr4_0_ex.gen/sources_1/ip/ddr4_0/ddr4_0/ddr4_0_in_context.xdc, line 119).
Applied set_property IO_BUFFER_TYPE = NONE for c0_ddr4_dq[7]. (constraint file  d:/VIVADO231/ku5p/ddr4_0_ex/ddr4_0_ex.gen/sources_1/ip/ddr4_0/ddr4_0/ddr4_0_in_context.xdc, line 120).
Applied set_property CLOCK_BUFFER_TYPE = NONE for c0_ddr4_dq[7]. (constraint file  d:/VIVADO231/ku5p/ddr4_0_ex/ddr4_0_ex.gen/sources_1/ip/ddr4_0/ddr4_0/ddr4_0_in_context.xdc, line 121).
Applied set_property IO_BUFFER_TYPE = NONE for c0_ddr4_dq[8]. (constraint file  d:/VIVADO231/ku5p/ddr4_0_ex/ddr4_0_ex.gen/sources_1/ip/ddr4_0/ddr4_0/ddr4_0_in_context.xdc, line 122).
Applied set_property CLOCK_BUFFER_TYPE = NONE for c0_ddr4_dq[8]. (constraint file  d:/VIVADO231/ku5p/ddr4_0_ex/ddr4_0_ex.gen/sources_1/ip/ddr4_0/ddr4_0/ddr4_0_in_context.xdc, line 123).
Applied set_property IO_BUFFER_TYPE = NONE for c0_ddr4_dq[9]. (constraint file  d:/VIVADO231/ku5p/ddr4_0_ex/ddr4_0_ex.gen/sources_1/ip/ddr4_0/ddr4_0/ddr4_0_in_context.xdc, line 124).
Applied set_property CLOCK_BUFFER_TYPE = NONE for c0_ddr4_dq[9]. (constraint file  d:/VIVADO231/ku5p/ddr4_0_ex/ddr4_0_ex.gen/sources_1/ip/ddr4_0/ddr4_0/ddr4_0_in_context.xdc, line 125).
Applied set_property IO_BUFFER_TYPE = NONE for c0_ddr4_dqs_c[0]. (constraint file  d:/VIVADO231/ku5p/ddr4_0_ex/ddr4_0_ex.gen/sources_1/ip/ddr4_0/ddr4_0/ddr4_0_in_context.xdc, line 126).
Applied set_property CLOCK_BUFFER_TYPE = NONE for c0_ddr4_dqs_c[0]. (constraint file  d:/VIVADO231/ku5p/ddr4_0_ex/ddr4_0_ex.gen/sources_1/ip/ddr4_0/ddr4_0/ddr4_0_in_context.xdc, line 127).
Applied set_property IO_BUFFER_TYPE = NONE for c0_ddr4_dqs_c[1]. (constraint file  d:/VIVADO231/ku5p/ddr4_0_ex/ddr4_0_ex.gen/sources_1/ip/ddr4_0/ddr4_0/ddr4_0_in_context.xdc, line 128).
Applied set_property CLOCK_BUFFER_TYPE = NONE for c0_ddr4_dqs_c[1]. (constraint file  d:/VIVADO231/ku5p/ddr4_0_ex/ddr4_0_ex.gen/sources_1/ip/ddr4_0/ddr4_0/ddr4_0_in_context.xdc, line 129).
Applied set_property IO_BUFFER_TYPE = NONE for c0_ddr4_dqs_c[2]. (constraint file  d:/VIVADO231/ku5p/ddr4_0_ex/ddr4_0_ex.gen/sources_1/ip/ddr4_0/ddr4_0/ddr4_0_in_context.xdc, line 130).
Applied set_property CLOCK_BUFFER_TYPE = NONE for c0_ddr4_dqs_c[2]. (constraint file  d:/VIVADO231/ku5p/ddr4_0_ex/ddr4_0_ex.gen/sources_1/ip/ddr4_0/ddr4_0/ddr4_0_in_context.xdc, line 131).
Applied set_property IO_BUFFER_TYPE = NONE for c0_ddr4_dqs_c[3]. (constraint file  d:/VIVADO231/ku5p/ddr4_0_ex/ddr4_0_ex.gen/sources_1/ip/ddr4_0/ddr4_0/ddr4_0_in_context.xdc, line 132).
Applied set_property CLOCK_BUFFER_TYPE = NONE for c0_ddr4_dqs_c[3]. (constraint file  d:/VIVADO231/ku5p/ddr4_0_ex/ddr4_0_ex.gen/sources_1/ip/ddr4_0/ddr4_0/ddr4_0_in_context.xdc, line 133).
Applied set_property IO_BUFFER_TYPE = NONE for c0_ddr4_dqs_t[0]. (constraint file  d:/VIVADO231/ku5p/ddr4_0_ex/ddr4_0_ex.gen/sources_1/ip/ddr4_0/ddr4_0/ddr4_0_in_context.xdc, line 134).
Applied set_property CLOCK_BUFFER_TYPE = NONE for c0_ddr4_dqs_t[0]. (constraint file  d:/VIVADO231/ku5p/ddr4_0_ex/ddr4_0_ex.gen/sources_1/ip/ddr4_0/ddr4_0/ddr4_0_in_context.xdc, line 135).
Applied set_property IO_BUFFER_TYPE = NONE for c0_ddr4_dqs_t[1]. (constraint file  d:/VIVADO231/ku5p/ddr4_0_ex/ddr4_0_ex.gen/sources_1/ip/ddr4_0/ddr4_0/ddr4_0_in_context.xdc, line 136).
Applied set_property CLOCK_BUFFER_TYPE = NONE for c0_ddr4_dqs_t[1]. (constraint file  d:/VIVADO231/ku5p/ddr4_0_ex/ddr4_0_ex.gen/sources_1/ip/ddr4_0/ddr4_0/ddr4_0_in_context.xdc, line 137).
Applied set_property IO_BUFFER_TYPE = NONE for c0_ddr4_dqs_t[2]. (constraint file  d:/VIVADO231/ku5p/ddr4_0_ex/ddr4_0_ex.gen/sources_1/ip/ddr4_0/ddr4_0/ddr4_0_in_context.xdc, line 138).
Applied set_property CLOCK_BUFFER_TYPE = NONE for c0_ddr4_dqs_t[2]. (constraint file  d:/VIVADO231/ku5p/ddr4_0_ex/ddr4_0_ex.gen/sources_1/ip/ddr4_0/ddr4_0/ddr4_0_in_context.xdc, line 139).
Applied set_property IO_BUFFER_TYPE = NONE for c0_ddr4_dqs_t[3]. (constraint file  d:/VIVADO231/ku5p/ddr4_0_ex/ddr4_0_ex.gen/sources_1/ip/ddr4_0/ddr4_0/ddr4_0_in_context.xdc, line 140).
Applied set_property CLOCK_BUFFER_TYPE = NONE for c0_ddr4_dqs_t[3]. (constraint file  d:/VIVADO231/ku5p/ddr4_0_ex/ddr4_0_ex.gen/sources_1/ip/ddr4_0/ddr4_0/ddr4_0_in_context.xdc, line 141).
Applied set_property IO_BUFFER_TYPE = NONE for c0_ddr4_odt[0]. (constraint file  d:/VIVADO231/ku5p/ddr4_0_ex/ddr4_0_ex.gen/sources_1/ip/ddr4_0/ddr4_0/ddr4_0_in_context.xdc, line 142).
Applied set_property CLOCK_BUFFER_TYPE = NONE for c0_ddr4_odt[0]. (constraint file  d:/VIVADO231/ku5p/ddr4_0_ex/ddr4_0_ex.gen/sources_1/ip/ddr4_0/ddr4_0/ddr4_0_in_context.xdc, line 143).
Applied set_property IO_BUFFER_TYPE = NONE for c0_ddr4_reset_n. (constraint file  d:/VIVADO231/ku5p/ddr4_0_ex/ddr4_0_ex.gen/sources_1/ip/ddr4_0/ddr4_0/ddr4_0_in_context.xdc, line 144).
Applied set_property CLOCK_BUFFER_TYPE = NONE for c0_ddr4_reset_n. (constraint file  d:/VIVADO231/ku5p/ddr4_0_ex/ddr4_0_ex.gen/sources_1/ip/ddr4_0/ddr4_0/ddr4_0_in_context.xdc, line 145).
Applied set_property IO_BUFFER_TYPE = NONE for c0_sys_clk_n. (constraint file  d:/VIVADO231/ku5p/ddr4_0_ex/ddr4_0_ex.gen/sources_1/ip/ddr4_0/ddr4_0/ddr4_0_in_context.xdc, line 146).
Applied set_property CLOCK_BUFFER_TYPE = NONE for c0_sys_clk_n. (constraint file  d:/VIVADO231/ku5p/ddr4_0_ex/ddr4_0_ex.gen/sources_1/ip/ddr4_0/ddr4_0/ddr4_0_in_context.xdc, line 147).
Applied set_property IO_BUFFER_TYPE = NONE for c0_sys_clk_p. (constraint file  d:/VIVADO231/ku5p/ddr4_0_ex/ddr4_0_ex.gen/sources_1/ip/ddr4_0/ddr4_0/ddr4_0_in_context.xdc, line 148).
Applied set_property CLOCK_BUFFER_TYPE = NONE for c0_sys_clk_p. (constraint file  d:/VIVADO231/ku5p/ddr4_0_ex/ddr4_0_ex.gen/sources_1/ip/ddr4_0/ddr4_0/ddr4_0_in_context.xdc, line 149).
Applied set_property KEEP_HIERARCHY = SOFT for u_ddr4_0. (constraint file  auto generated constraint).
---------------------------------------------------------------------------------
Finished applying 'set_property' XDC Constraints : Time (s): cpu = 00:00:13 ; elapsed = 00:00:15 . Memory (MB): peak = 3130.973 ; gain = 618.730
---------------------------------------------------------------------------------
---------------------------------------------------------------------------------
Finished RTL Optimization Phase 2 : Time (s): cpu = 00:00:14 ; elapsed = 00:00:15 . Memory (MB): peak = 3130.973 ; gain = 618.730
---------------------------------------------------------------------------------
---------------------------------------------------------------------------------
Start RTL Component Statistics 
---------------------------------------------------------------------------------
Detailed RTL Component Info : 
+---Adders : 
	   2 Input   10 Bit       Adders := 2     
	   2 Input    9 Bit       Adders := 2     
	   2 Input    8 Bit       Adders := 1     
+---Registers : 
	              256 Bit    Registers := 1     
	               16 Bit    Registers := 2     
	               10 Bit    Registers := 2     
	                8 Bit    Registers := 1     
	                3 Bit    Registers := 1     
	                1 Bit    Registers := 39    
+---Muxes : 
	   2 Input    9 Bit        Muxes := 2     
	   4 Input    3 Bit        Muxes := 1     
	   2 Input    1 Bit        Muxes := 7     
---------------------------------------------------------------------------------
Finished RTL Component Statistics 
---------------------------------------------------------------------------------
---------------------------------------------------------------------------------
Start Part Resource Summary
---------------------------------------------------------------------------------
Part Resources:
DSPs: 1824 (col length:96)
BRAMs: 960 (col length: RAMB18 96 RAMB36 48)
---------------------------------------------------------------------------------
Finished Part Resource Summary
---------------------------------------------------------------------------------
---------------------------------------------------------------------------------
Start Cross Boundary and Area Optimization
---------------------------------------------------------------------------------
WARNING: [Synth 8-7080] Parallel synthesis criteria is not met
---------------------------------------------------------------------------------
Finished Cross Boundary and Area Optimization : Time (s): cpu = 00:00:15 ; elapsed = 00:00:17 . Memory (MB): peak = 3130.973 ; gain = 618.730
---------------------------------------------------------------------------------
---------------------------------------------------------------------------------
Start Applying XDC Timing Constraints
---------------------------------------------------------------------------------
---------------------------------------------------------------------------------
Finished Applying XDC Timing Constraints : Time (s): cpu = 00:00:22 ; elapsed = 00:00:25 . Memory (MB): peak = 3447.582 ; gain = 935.340
---------------------------------------------------------------------------------
---------------------------------------------------------------------------------
Start Timing Optimization
---------------------------------------------------------------------------------
---------------------------------------------------------------------------------
Finished Timing Optimization : Time (s): cpu = 00:00:22 ; elapsed = 00:00:25 . Memory (MB): peak = 3477.484 ; gain = 965.242
---------------------------------------------------------------------------------
---------------------------------------------------------------------------------
Start Technology Mapping
---------------------------------------------------------------------------------
---------------------------------------------------------------------------------
Finished Technology Mapping : Time (s): cpu = 00:00:22 ; elapsed = 00:00:25 . Memory (MB): peak = 3477.484 ; gain = 965.242
---------------------------------------------------------------------------------
---------------------------------------------------------------------------------
Start IO Insertion
---------------------------------------------------------------------------------
---------------------------------------------------------------------------------
Start Flattening Before IO Insertion
---------------------------------------------------------------------------------
---------------------------------------------------------------------------------
Finished Flattening Before IO Insertion
---------------------------------------------------------------------------------
---------------------------------------------------------------------------------
Start Final Netlist Cleanup
---------------------------------------------------------------------------------
---------------------------------------------------------------------------------
Finished Final Netlist Cleanup
---------------------------------------------------------------------------------
---------------------------------------------------------------------------------
Finished IO Insertion : Time (s): cpu = 00:00:26 ; elapsed = 00:00:29 . Memory (MB): peak = 3477.484 ; gain = 965.242
---------------------------------------------------------------------------------
---------------------------------------------------------------------------------
Start Renaming Generated Instances
---------------------------------------------------------------------------------
---------------------------------------------------------------------------------
Finished Renaming Generated Instances : Time (s): cpu = 00:00:26 ; elapsed = 00:00:29 . Memory (MB): peak = 3477.484 ; gain = 965.242
---------------------------------------------------------------------------------
---------------------------------------------------------------------------------
Start Rebuilding User Hierarchy
---------------------------------------------------------------------------------
---------------------------------------------------------------------------------
Finished Rebuilding User Hierarchy : Time (s): cpu = 00:00:26 ; elapsed = 00:00:29 . Memory (MB): peak = 3477.484 ; gain = 965.242
---------------------------------------------------------------------------------
---------------------------------------------------------------------------------
Start Renaming Generated Ports
---------------------------------------------------------------------------------
---------------------------------------------------------------------------------
Finished Renaming Generated Ports : Time (s): cpu = 00:00:26 ; elapsed = 00:00:29 . Memory (MB): peak = 3477.484 ; gain = 965.242
---------------------------------------------------------------------------------
---------------------------------------------------------------------------------
Start Handling Custom Attributes
---------------------------------------------------------------------------------
---------------------------------------------------------------------------------
Finished Handling Custom Attributes : Time (s): cpu = 00:00:26 ; elapsed = 00:00:29 . Memory (MB): peak = 3477.484 ; gain = 965.242
---------------------------------------------------------------------------------
---------------------------------------------------------------------------------
Start Renaming Generated Nets
---------------------------------------------------------------------------------
---------------------------------------------------------------------------------
Finished Renaming Generated Nets : Time (s): cpu = 00:00:26 ; elapsed = 00:00:29 . Memory (MB): peak = 3477.484 ; gain = 965.242
---------------------------------------------------------------------------------
---------------------------------------------------------------------------------
Start Writing Synthesis Report
---------------------------------------------------------------------------------

Report BlackBoxes: 
+------+--------------+----------+
|      |BlackBox name |Instances |
+------+--------------+----------+
|1     |ddr4_0        |         1|
+------+--------------+----------+

Report Cell Usage: 
+------+-----+------+
|      |Cell |Count |
+------+-----+------+
|1     |ddr4 |     1|
|2     |LUT1 |     6|
|3     |LUT2 |     8|
|4     |LUT3 |     9|
|5     |LUT4 |    40|
|6     |LUT5 |    24|
|7     |LUT6 |    47|
|8     |FDRE |   322|
|9     |IBUF |     1|
|10    |OBUF |     2|
+------+-----+------+
---------------------------------------------------------------------------------
Finished Writing Synthesis Report : Time (s): cpu = 00:00:26 ; elapsed = 00:00:29 . Memory (MB): peak = 3477.484 ; gain = 965.242
---------------------------------------------------------------------------------
Synthesis finished with 0 errors, 0 critical warnings and 1 warnings.
Synthesis Optimization Runtime : Time (s): cpu = 00:00:17 ; elapsed = 00:00:24 . Memory (MB): peak = 3477.484 ; gain = 843.035
Synthesis Optimization Complete : Time (s): cpu = 00:00:26 ; elapsed = 00:00:29 . Memory (MB): peak = 3477.484 ; gain = 965.242
INFO: [Project 1-571] Translating synthesized netlist
Netlist sorting complete. Time (s): cpu = 00:00:00 ; elapsed = 00:00:00.010 . Memory (MB): peak = 3487.836 ; gain = 0.000
INFO: [Netlist 29-17] Analyzing 1 Unisim elements for replacement
INFO: [Netlist 29-28] Unisim Transformation completed in 0 CPU seconds
INFO: [Project 1-570] Preparing netlist for logic optimization
INFO: [Opt 31-138] Pushed 0 inverter(s) to 0 load pin(s).
Netlist sorting complete. Time (s): cpu = 00:00:00 ; elapsed = 00:00:00.001 . Memory (MB): peak = 3514.656 ; gain = 0.000
INFO: [Project 1-111] Unisim Transformation Summary:
  A total of 1 instances were transformed.
  IBUF => IBUF (IBUFCTRL, INBUF): 1 instance 

Synth Design complete | Checksum: ece9256c
INFO: [Common 17-83] Releasing license: Synthesis
28 Infos, 1 Warnings, 0 Critical Warnings and 0 Errors encountered.
synth_design completed successfully
synth_design: Time (s): cpu = 00:00:32 ; elapsed = 00:00:41 . Memory (MB): peak = 3514.656 ; gain = 2040.570
INFO: [Common 17-1381] The checkpoint 'D:/VIVADO231/ku5p/ddr4_0_ex/ddr4_0_ex.runs/synth_1/example_top.dcp' has been generated.
INFO: [runtcl-4] Executing : report_utilization -file example_top_utilization_synth.rpt -pb example_top_utilization_synth.pb
INFO: [Common 17-206] Exiting Vivado at Thu May  8 19:39:44 2025...
